Logger initialized.
[2025-03-06 00:00:20] NON 0x15600 dllmain.cpp (line 32): "D:\\SteamLibrary\\steamapps\\common\\Grand Theft Auto V"
[2025-03-06 00:00:20] NON 0x15600 config.h (line 217): Loaded value for "enable_mod": 1
[2025-03-06 00:00:20] NON 0x15600 config.h (line 217): Loaded value for "auto_reload_config": 1
[2025-03-06 00:00:20] NON 0x15600 config.h (line 217): Loaded value for "output_folder": D:/eveexports
[2025-03-06 00:00:20] NON 0x15600 config.h (line 217): Loaded value for "log_level": 10
[2025-03-06 00:00:20] NON 0x15600 config.h (line 223): Loaded value for "fps": <60000, 1000>
[2025-03-06 00:00:20] NON 0x15600 config.h (line 217): Loaded value for "motion_blur_samples": 25
[2025-03-06 00:00:20] NON 0x15600 config.h (line 217): Loaded value for "motion_blur_strength": 1
[2025-03-06 00:00:20] NON 0x15600 config.h (line 217): Loaded value for "export_openexr": 0
[2025-03-06 00:00:20] NON 0x15600 dllmain.cpp (line 41): Extended Video Export mod is enabled. Initializing...
[2025-03-06 00:03:42] NON 0x15600 config.h (line 217): Loaded value for "enable_mod": 1
[2025-03-06 00:03:42] NON 0x15600 config.h (line 217): Loaded value for "auto_reload_config": 1
[2025-03-06 00:03:42] NON 0x15600 config.h (line 217): Loaded value for "output_folder": D:/eveexports
[2025-03-06 00:03:42] NON 0x15600 config.h (line 217): Loaded value for "log_level": 10
[2025-03-06 00:03:42] NON 0x15600 config.h (line 223): Loaded value for "fps": <60000, 1000>
[2025-03-06 00:03:42] NON 0x15600 config.h (line 217): Loaded value for "motion_blur_samples": 25
[2025-03-06 00:03:42] NON 0x15600 config.h (line 217): Loaded value for "motion_blur_strength": 1
[2025-03-06 00:03:42] NON 0x15600 config.h (line 217): Loaded value for "export_openexr": 0
[2025-03-06 00:03:42] NON 0x15788 script.cpp (line 667): fps * (motion_blur_samples + 1) > 60.0!!!
[2025-03-06 00:03:42] NON 0x15788 script.cpp (line 668): Audio export will be disabled!!!
